<?xml version="1.0" encoding="UTF-8"?>
<beans xmlns="http://www.springframework.org/schema/beans"
	xmlns:xsi="http://www.w3.org/2001/XMLSchema-instance" xmlns:rabbit="http://www.springframework.org/schema/rabbit"
	xmlns:context="http://www.springframework.org/schema/context"
	xmlns:amq="http://activemq.apache.org/schema/core" xmlns:tx="http://www.springframework.org/schema/tx"
	xsi:schemaLocation="http://www.springframework.org/schema/beans http://www.springframework.org/schema/beans/spring-beans-3.0.xsd
		http://www.springframework.org/schema/context http://www.springframework.org/schema/context/spring-context-3.0.xsd
		http://www.springframework.org/schema/rabbit http://www.springframework.org/schema/rabbit/spring-rabbit-1.3.xsd
		http://activemq.apache.org/schema/core http://activemq.apache.org/schema/core/activemq-core-5.5.0.xsd 
  		http://www.springframework.org/schema/jms http://www.springframework.org/schema/jms/spring-jms.xsd
  		http://www.springframework.org/schema/tx http://www.springframework.org/schema/tx/spring-tx.xsd">

	<import resource="classpath:entity-config.xml" />

	<!-- Activemq connection factory -->
	<bean id="amqConnectionFactory" class="org.apache.activemq.ActiveMQConnectionFactory">
		<constructor-arg index="0" value="tcp://0.0.0.0:61616" />
	</bean>

	<!-- ConnectionFactory Definition -->
	<bean id="connectionFactory"
		class="org.springframework.jms.connection.CachingConnectionFactory">
		<constructor-arg ref="amqConnectionFactory" />
	</bean>

	<!-- Default Destination Queue Definition -->
	<bean id="topic" class="org.apache.activemq.command.ActiveMQTopic">
		<constructor-arg index="0" value="TEST_TOPIC" />
	</bean>

	<!-- JmsTemplate Definition -->
	<bean id="jmsTemplate" class="org.springframework.jms.core.JmsTemplate">
		<property name="connectionFactory" ref="connectionFactory" />
		<property name="defaultDestination" ref="topic" />
	</bean>
	
	<context:annotation-config/>
	<context:component-scan base-package="com.ebayinc.cms.processor"/>
</beans>
